0 info it worked if it ends with ok
1 verbose cli [ '/Users/gurvindersingh/.nvm/versions/node/v6.9.0/bin/node',
1 verbose cli   '/Users/gurvindersingh/.nvm/versions/node/v6.9.0/bin/npm',
1 verbose cli   'start' ]
2 info using npm@3.10.8
3 info using node@v6.9.0
4 verbose run-script [ 'prestart', 'start', 'poststart' ]
5 info lifecycle switchboard@1.0.0~prestart: switchboard@1.0.0
6 silly lifecycle switchboard@1.0.0~prestart: no script for prestart, continuing
7 info lifecycle switchboard@1.0.0~start: switchboard@1.0.0
8 verbose lifecycle switchboard@1.0.0~start: unsafe-perm in lifecycle true
9 verbose lifecycle switchboard@1.0.0~start: PATH: /Users/gurvindersingh/.nvm/versions/node/v6.9.0/lib/node_modules/npm/bin/node-gyp-bin:/Users/gurvindersingh/Documents/development/personal/hukam/repository/hukam/switchboard/node_modules/.bin:/Users/gurvindersingh/.nvm/versions/node/v6.9.0/bin:/Users/gurvindersingh/Documents/development/tools/google-cloud-sdk/bin:~/.npm-global/bin:/usr/local/bin:/Applications/IBM/node/bin:/usr/local/bin:/Users/gurvindersingh/Documents/development/tools/apache-ant-1.9.6/bin:/usr/local/bin:/usr/bin:/bin:/usr/sbin:/sbin:/usr/local/Bluemix/bin:/Users/gurvindersingh/Documents/development/tools/apache/apache-maven-3.3.9/bin:/Library/Java/JavaVirtualMachines/jdk1.8.0_77.jdk/Contents/Home/bin:/Users/gurvindersingh/Documents/development/tools/Android/android-sdk-macosx/tools:/Users/gurvindersingh/Documents/development/tools/Android/android-sdk-macosx/platform-tools:/usr/local/gcc_arm/gcc-arm-none-eabi-6-2017-q1-update/bin
10 verbose lifecycle switchboard@1.0.0~start: CWD: /Users/gurvindersingh/Documents/development/personal/hukam/repository/hukam/switchboard
11 silly lifecycle switchboard@1.0.0~start: Args: [ '-c', 'node main.js' ]
12 silly lifecycle switchboard@1.0.0~start: Returned: code: 1  signal: null
13 info lifecycle switchboard@1.0.0~start: Failed to exec start script
14 verbose stack Error: switchboard@1.0.0 start: `node main.js`
14 verbose stack Exit status 1
14 verbose stack     at EventEmitter.<anonymous> (/Users/gurvindersingh/.nvm/versions/node/v6.9.0/lib/node_modules/npm/lib/utils/lifecycle.js:255:16)
14 verbose stack     at emitTwo (events.js:106:13)
14 verbose stack     at EventEmitter.emit (events.js:191:7)
14 verbose stack     at ChildProcess.<anonymous> (/Users/gurvindersingh/.nvm/versions/node/v6.9.0/lib/node_modules/npm/lib/utils/spawn.js:40:14)
14 verbose stack     at emitTwo (events.js:106:13)
14 verbose stack     at ChildProcess.emit (events.js:191:7)
14 verbose stack     at maybeClose (internal/child_process.js:877:16)
14 verbose stack     at Process.ChildProcess._handle.onexit (internal/child_process.js:226:5)
15 verbose pkgid switchboard@1.0.0
16 verbose cwd /Users/gurvindersingh/Documents/development/personal/hukam/repository/hukam/switchboard
17 error Darwin 17.2.0
18 error argv "/Users/gurvindersingh/.nvm/versions/node/v6.9.0/bin/node" "/Users/gurvindersingh/.nvm/versions/node/v6.9.0/bin/npm" "start"
19 error node v6.9.0
20 error npm  v3.10.8
21 error code ELIFECYCLE
22 error switchboard@1.0.0 start: `node main.js`
22 error Exit status 1
23 error Failed at the switchboard@1.0.0 start script 'node main.js'.
23 error Make sure you have the latest version of node.js and npm installed.
23 error If you do, this is most likely a problem with the switchboard package,
23 error not with npm itself.
23 error Tell the author that this fails on your system:
23 error     node main.js
23 error You can get information on how to open an issue for this project with:
23 error     npm bugs switchboard
23 error Or if that isn't available, you can get their info via:
23 error     npm owner ls switchboard
23 error There is likely additional logging output above.
24 verbose exit [ 1, true ]
